<?xml version="1.0" encoding="UTF-8"?>
<!-- Generated by org.testng.reporters.JUnitReportReporter -->
<testsuite hostname="rahul-B450M-DS3H-WIFI" name="com.andriod.mob.TestSuite" tests="1" failures="0" timestamp="30 May 2021 15:38:27 GMT" time="162.563" errors="0">
  <testcase name="CheckLoanActiveCase" time="162.563" classname="com.andriod.mob.TestSuite"/>
</testsuite> <!-- com.andriod.mob.TestSuite -->
