<?xml version="1.0" encoding="UTF-8"?>
<!-- Generated by org.testng.reporters.JUnitReportReporter -->
<testsuite hostname="rahul-B450M-DS3H-WIFI" name="com.andriod.mob.AppTest" tests="1" failures="0" timestamp="30 May 2021 15:38:27 GMT" time="0.012" errors="0">
  <testcase name="testApp" time="0.012" classname="com.andriod.mob.AppTest"/>
</testsuite> <!-- com.andriod.mob.AppTest -->
